GetRpcVersion$S
GetRpcCallId$i3c
GetRpcTimestamp$v4c
GetRpcCallCount$i
GetRpcCallName$bi4c
GetInfo$v4c
GetBoardId$S
GetHWVersion$v4c
GetFWVersion$S
GetSWVersion$S
UpgradeGetVersion$S
UpgradeStart$CS
UpgradeData$C3c
UpgradeError$C
UpgradeErrorMsg$v4c
UpgradeExec$vS
Init$v
Welcome$v
SetLed$vC
cDelay$vS
uDelay$vS
Sig_SetMode$vCC
Sig_SetPRBS$vCC
Sig_SetDelay$vCSc
Sig_SetLevel$vCC
Sig_SetOffset$vC
Sig_SetLVDS$v
Sig_SetLCDS$v
SignalProbeD1$vC
SignalProbeD2$vC
SignalProbeA1$vC
SignalProbeA2$vC
SignalProbeADC$vCC
Pon$v
Poff$v
_SetVD$vS
_SetVA$vS
_SetID$vS
_SetIA$vS
_GetVD$S
_GetVA$S
_GetID$S
_GetIA$S
HVon$v
HVoff$v
ResetOn$v
ResetOff$v
GetStatus$C
SetRocAddress$vC
Pg_SetCmd$vSS
Pg_Stop$v
Pg_Single$v
Pg_Trigger$v
Pg_Loop$vS
GetUser1Version$S
Daq_Open$II
Daq_Close$v
Daq_Start$v
Daq_Stop$v
Daq_GetSize$I
Daq_Read$C2SS
Daq_Read$C2SS0I
Daq_Select_ADC$vSCCC
Daq_Select_Deser160$vC
roc_I2cAddr$vC
roc_ClrCal$v
roc_SetDAC$vCC
roc_Pix$vCCC
roc_Pix_Trim$vCCC
roc_Pix_Mask$vCC
roc_Pix_Cal$vCCb
roc_Col_Enable$vCb
roc_Col_Mask$vC
roc_Chip_Mask$v
testColPixel$bCC2C
Ethernet_Send$v3c
Ethernet_RecvPackets$I
