[psi46expert] --------- psi46expert ---------
[psi46expert] Tue Sep  7 14:28:19 2010
[ConfigParameters] Reading Config-Parameters from '../output/singleROC//configParameters.dat'.
---- TestBoard VersionATB V6.1 (27.08.2010 15:35) ID=22A71BED TS=4C371750
TBM emulator on
[TBParameters] Reading TB-Parameters from '../output/singleROC//tbParameters.dat'.
[TestParameters] Reading Test-Parameters from '../output/singleROC//testParameters.dat'.
[TBMParameters] Reading TBM-Parameters from '../output/singleROC//tbmParameters.dat'.
[DACParameters] Reading DAC-Parameters from ../output/singleROC//dacParameters60_C0.dat.
[DACParameters] Parameter 1 is set to 6.
[DACParameters] Parameter 2 is set to 145.
[DACParameters] Parameter 3 is set to 150.
[DACParameters] Parameter 4 is set to 10.
[DACParameters] Parameter 5 is set to 0.
[DACParameters] Parameter 6 is set to 0.
[DACParameters] Parameter 7 is set to 35.
[DACParameters] Parameter 8 is set to 0.
[DACParameters] Parameter 9 is set to 35.
[DACParameters] Parameter 10 is set to 160.
[DACParameters] Parameter 11 is set to 112.
[DACParameters] Parameter 12 is set to 80.
[DACParameters] Parameter 13 is set to 30.
[DACParameters] Parameter 14 is set to 10.
[DACParameters] Parameter 15 is set to 22.
[DACParameters] Parameter 16 is set to 50.
[DACParameters] Parameter 17 is set to 120.
[DACParameters] Parameter 18 is set to 130.
[DACParameters] Parameter 19 is set to 120.
[DACParameters] Parameter 20 is set to 111.
[DACParameters] Parameter 21 is set to 150.
[DACParameters] Parameter 22 is set to 99.
[DACParameters] Parameter 23 is set to 0.
[DACParameters] Parameter 24 is set to 0.
[DACParameters] Parameter 25 is set to 199.
[DACParameters] Parameter 26 is set to 64.
[DACParameters] Parameter 27 is set to 0.
[DACParameters] Parameter 253 is set to 0.
[DACParameters] Parameter 254 is set to 100.
[Roc] Reading Trim configuration from '../output/singleROC//trimParameters60_C0.dat'.
psi46expert> Phcalibration

psi46expert> PhCalibration

[PHCalibration] Chip #0 Calibration: start.
[Delay] Timestamp: Tue Sep  7 14:28:30 2010

[PHCalibration] Writing PH Calibration to '../output/singleROC//phCalibration_C0.dat'.
[DACParameters] Parameter 253 is set to 0.
[DACParameters] Parameter 25 is set to 50.
[DACParameters] Parameter 1 is set to 6.
[DACParameters] Parameter 2 is set to 145.
[DACParameters] Parameter 3 is set to 150.
[DACParameters] Parameter 4 is set to 10.
[DACParameters] Parameter 5 is set to 0.
[DACParameters] Parameter 6 is set to 0.
[DACParameters] Parameter 7 is set to 35.
[DACParameters] Parameter 8 is set to 0.
[DACParameters] Parameter 9 is set to 35.
[DACParameters] Parameter 10 is set to 160.
[DACParameters] Parameter 11 is set to 112.
[DACParameters] Parameter 12 is set to 80.
[DACParameters] Parameter 13 is set to 30.
[DACParameters] Parameter 14 is set to 10.
[DACParameters] Parameter 15 is set to 22.
[DACParameters] Parameter 16 is set to 50.
[DACParameters] Parameter 17 is set to 120.
[DACParameters] Parameter 18 is set to 130.
[DACParameters] Parameter 19 is set to 120.
[DACParameters] Parameter 20 is set to 111.
[DACParameters] Parameter 21 is set to 150.
[DACParameters] Parameter 22 is set to 99.
[DACParameters] Parameter 23 is set to 0.
[DACParameters] Parameter 24 is set to 0.
[DACParameters] Parameter 25 is set to 50.
[DACParameters] Parameter 26 is set to 64.
[DACParameters] Parameter 27 is set to 0.
[DACParameters] Parameter 253 is set to 0.
[DACParameters] Parameter 254 is set to 100.
[DACParameters] Parameter 12 is set to 105.
[DACParameters] Parameter 26 is set to 46.
[DACParameters] Parameter 25 is set to 100.
[DACParameters] Parameter 1 is set to 6.
[DACParameters] Parameter 2 is set to 145.
[DACParameters] Parameter 3 is set to 150.
[DACParameters] Parameter 4 is set to 10.
[DACParameters] Parameter 5 is set to 0.
[DACParameters] Parameter 6 is set to 0.
[DACParameters] Parameter 7 is set to 35.
[DACParameters] Parameter 8 is set to 0.
[DACParameters] Parameter 9 is set to 35.
[DACParameters] Parameter 10 is set to 160.
[DACParameters] Parameter 11 is set to 112.
[DACParameters] Parameter 12 is set to 105.
[DACParameters] Parameter 13 is set to 30.
[DACParameters] Parameter 14 is set to 10.
[DACParameters] Parameter 15 is set to 22.
[DACParameters] Parameter 16 is set to 50.
[DACParameters] Parameter 17 is set to 120.
[DACParameters] Parameter 18 is set to 130.
[DACParameters] Parameter 19 is set to 120.
[DACParameters] Parameter 20 is set to 111.
[DACParameters] Parameter 21 is set to 150.
[DACParameters] Parameter 22 is set to 99.
[DACParameters] Parameter 23 is set to 0.
[DACParameters] Parameter 24 is set to 0.
[DACParameters] Parameter 25 is set to 100.
[DACParameters] Parameter 26 is set to 46.
[DACParameters] Parameter 27 is set to 0.
[DACParameters] Parameter 253 is set to 0.
[DACParameters] Parameter 254 is set to 100.
[DACParameters] Parameter 12 is set to 85.
[DACParameters] Parameter 26 is set to 58.
[DACParameters] Parameter 253 is set to 0.
[DACParameters] Parameter 26 is set to 46.
[DACParameters] Parameter 12 is set to 105.
[DACParameters] Parameter 25 is set to 50.
[DACParameters] Parameter 253 is set to 0.
[DACParameters] Parameter 26 is set to 58.
[DACParameters] Parameter 12 is set to 85.
[DACParameters] Parameter 25 is set to 100.
[DACParameters] Parameter 253 is set to 0.
[DACParameters] Parameter 26 is set to 64.
[DACParameters] Parameter 12 is set to 80.
[DACParameters] Parameter 25 is set to 150.
[DACParameters] Parameter 253 is set to 0.
[DACParameters] Parameter 26 is set to 64.
[DACParameters] Parameter 12 is set to 80.
[DACParameters] Parameter 25 is set to 199.
[DACParameters] Parameter 253 is set to 0.
[DACParameters] Parameter 26 is set to 64.
[DACParameters] Parameter 12 is set to 80.
[DACParameters] Parameter 25 is set to 250.
[DACParameters] Parameter 253 is set to 4.
[DACParameters] Parameter 26 is set to 64.
[DACParameters] Parameter 12 is set to 80.
[DACParameters] Parameter 25 is set to 30.
[DACParameters] Parameter 253 is set to 4.
[DACParameters] Parameter 26 is set to 64.
[DACParameters] Parameter 12 is set to 80.
[DACParameters] Parameter 25 is set to 50.
[DACParameters] Parameter 253 is set to 4.
[DACParameters] Parameter 26 is set to 64.
[DACParameters] Parameter 12 is set to 80.
[DACParameters] Parameter 25 is set to 70.
[DACParameters] Parameter 253 is set to 4.
[DACParameters] Parameter 26 is set to 64.
[DACParameters] Parameter 12 is set to 80.
[DACParameters] Parameter 25 is set to 90.
[DACParameters] Parameter 253 is set to 4.
[DACParameters] Parameter 26 is set to 64.
[DACParameters] Parameter 12 is set to 80.
[DACParameters] Parameter 25 is set to 199.
[DACParameters] Parameter 1 is set to 6.
[DACParameters] Parameter 2 is set to 145.
[DACParameters] Parameter 3 is set to 150.
[DACParameters] Parameter 4 is set to 10.
[DACParameters] Parameter 5 is set to 0.
[DACParameters] Parameter 6 is set to 0.
[DACParameters] Parameter 7 is set to 35.
[DACParameters] Parameter 8 is set to 0.
[DACParameters] Parameter 9 is set to 35.
[DACParameters] Parameter 10 is set to 160.
[DACParameters] Parameter 11 is set to 112.
[DACParameters] Parameter 12 is set to 80.
[DACParameters] Parameter 13 is set to 30.
[DACParameters] Parameter 14 is set to 10.
[DACParameters] Parameter 15 is set to 22.
[DACParameters] Parameter 16 is set to 50.
[DACParameters] Parameter 17 is set to 120.
[DACParameters] Parameter 18 is set to 130.
[DACParameters] Parameter 19 is set to 120.
[DACParameters] Parameter 20 is set to 111.
[DACParameters] Parameter 21 is set to 150.
[DACParameters] Parameter 22 is set to 99.
[DACParameters] Parameter 23 is set to 0.
[DACParameters] Parameter 24 is set to 0.
[DACParameters] Parameter 25 is set to 199.
[DACParameters] Parameter 26 is set to 64.
[DACParameters] Parameter 27 is set to 0.
[DACParameters] Parameter 253 is set to 0.
[DACParameters] Parameter 254 is set to 100.
[Delay] Timestamp: Tue Sep  7 14:28:50 2010

psi46expert> Scurve

psi46expert> gui

[TestParameters] Reading Test-Parameters from '../output/singleROC//testParameters.dat'.
[Delay] Timestamp: Tue Sep  7 14:29:23 2010

[SCurveTest] Initialization.
[SCurveTest] Writing pulse SCurves to '../output/singleROC//SCurveData_C0.dat'.
[DACParameters] Parameter 254 is set to 100.
[DACParameters] Parameter 1 is set to 6.
[DACParameters] Parameter 2 is set to 145.
[DACParameters] Parameter 3 is set to 150.
[DACParameters] Parameter 4 is set to 10.
[DACParameters] Parameter 5 is set to 0.
[DACParameters] Parameter 6 is set to 0.
[DACParameters] Parameter 7 is set to 35.
[DACParameters] Parameter 8 is set to 0.
[DACParameters] Parameter 9 is set to 35.
[DACParameters] Parameter 10 is set to 160.
[DACParameters] Parameter 11 is set to 112.
[DACParameters] Parameter 12 is set to 80.
[DACParameters] Parameter 13 is set to 30.
[DACParameters] Parameter 14 is set to 10.
[DACParameters] Parameter 15 is set to 22.
[DACParameters] Parameter 16 is set to 50.
[DACParameters] Parameter 17 is set to 120.
[DACParameters] Parameter 18 is set to 130.
[DACParameters] Parameter 19 is set to 120.
[DACParameters] Parameter 20 is set to 111.
[DACParameters] Parameter 21 is set to 150.
[DACParameters] Parameter 22 is set to 99.
[DACParameters] Parameter 23 is set to 0.
[DACParameters] Parameter 24 is set to 0.
[DACParameters] Parameter 25 is set to 199.
[DACParameters] Parameter 26 is set to 64.
[DACParameters] Parameter 27 is set to 0.
[DACParameters] Parameter 253 is set to 0.
[DACParameters] Parameter 254 is set to 100.
[Delay] Timestamp: Tue Sep  7 14:30:52 2010

[DACParameters] Writing DAC-Parameters to ../output/singleROC/module_C0.dat.
