[psi46expert] --------- psi46expert ---------
[psi46expert] Tue Sep  7 15:07:25 2010
[ConfigParameters] Reading Config-Parameters from '../Input/Module//configParameters.dat'.
---- TestBoard VersionATB V6.1 (27.08.2010 15:35) ID=22A71BED TS=4C371750
TBM emulator off
[TBParameters] Reading TB-Parameters from '../Input/Module//tbParameters.dat'.
[TestParameters] Reading Test-Parameters from '../Input/Module//testParameters.dat'.
[TBMParameters] Reading TBM-Parameters from '../Input/Module//tbmParameters.dat'.
[DACParameters] Reading DAC-Parameters from ../Input/Module//dacParameters_C0.dat.
[DACParameters] Parameter 1 is set to 6.
[DACParameters] Parameter 2 is set to 128.
[DACParameters] Parameter 3 is set to 150.
[DACParameters] Parameter 4 is set to 10.
[DACParameters] Parameter 5 is set to 0.
[DACParameters] Parameter 6 is set to 0.
[DACParameters] Parameter 7 is set to 35.
[DACParameters] Parameter 8 is set to 0.
[DACParameters] Parameter 9 is set to 35.
[DACParameters] Parameter 10 is set to 160.
[DACParameters] Parameter 11 is set to 7.
[DACParameters] Parameter 12 is set to 80.
[DACParameters] Parameter 13 is set to 30.
[DACParameters] Parameter 14 is set to 10.
[DACParameters] Parameter 15 is set to 77.
[DACParameters] Parameter 16 is set to 50.
[DACParameters] Parameter 17 is set to 120.
[DACParameters] Parameter 18 is set to 130.
[DACParameters] Parameter 19 is set to 220.
[DACParameters] Parameter 20 is set to 29.
[DACParameters] Parameter 21 is set to 220.
[DACParameters] Parameter 22 is set to 99.
[DACParameters] Parameter 23 is set to 0.
[DACParameters] Parameter 24 is set to 0.
[DACParameters] Parameter 25 is set to 200.
[DACParameters] Parameter 26 is set to 62.
[DACParameters] Parameter 27 is set to 0.
[DACParameters] Parameter 253 is set to 0.
[DACParameters] Parameter 254 is set to 100.
[Roc] Reading Trim configuration from '../Input/Module//trimParameters_C0.dat'.
[DACParameters] Reading DAC-Parameters from ../Input/Module//dacParameters_C1.dat.
[DACParameters] Parameter 1 is set to 6.
[DACParameters] Parameter 2 is set to 138.
[DACParameters] Parameter 3 is set to 150.
[DACParameters] Parameter 4 is set to 10.
[DACParameters] Parameter 5 is set to 0.
[DACParameters] Parameter 6 is set to 0.
[DACParameters] Parameter 7 is set to 35.
[DACParameters] Parameter 8 is set to 0.
[DACParameters] Parameter 9 is set to 35.
[DACParameters] Parameter 10 is set to 160.
[DACParameters] Parameter 11 is set to 7.
[DACParameters] Parameter 12 is set to 95.
[DACParameters] Parameter 13 is set to 30.
[DACParameters] Parameter 14 is set to 10.
[DACParameters] Parameter 15 is set to 92.
[DACParameters] Parameter 16 is set to 50.
[DACParameters] Parameter 17 is set to 120.
[DACParameters] Parameter 18 is set to 130.
[DACParameters] Parameter 19 is set to 220.
[DACParameters] Parameter 20 is set to 34.
[DACParameters] Parameter 21 is set to 220.
[DACParameters] Parameter 22 is set to 99.
[DACParameters] Parameter 23 is set to 0.
[DACParameters] Parameter 24 is set to 0.
[DACParameters] Parameter 25 is set to 200.
[DACParameters] Parameter 26 is set to 60.
[DACParameters] Parameter 27 is set to 0.
[DACParameters] Parameter 253 is set to 0.
[DACParameters] Parameter 254 is set to 100.
[Roc] Reading Trim configuration from '../Input/Module//trimParameters_C1.dat'.
[DACParameters] Reading DAC-Parameters from ../Input/Module//dacParameters_C2.dat.
[DACParameters] Parameter 1 is set to 6.
[DACParameters] Parameter 2 is set to 161.
[DACParameters] Parameter 3 is set to 150.
[DACParameters] Parameter 4 is set to 10.
[DACParameters] Parameter 5 is set to 0.
[DACParameters] Parameter 6 is set to 0.
[DACParameters] Parameter 7 is set to 35.
[DACParameters] Parameter 8 is set to 0.
[DACParameters] Parameter 9 is set to 35.
[DACParameters] Parameter 10 is set to 160.
[DACParameters] Parameter 11 is set to 7.
[DACParameters] Parameter 12 is set to 108.
[DACParameters] Parameter 13 is set to 30.
[DACParameters] Parameter 14 is set to 10.
[DACParameters] Parameter 15 is set to 102.
[DACParameters] Parameter 16 is set to 50.
[DACParameters] Parameter 17 is set to 120.
[DACParameters] Parameter 18 is set to 130.
[DACParameters] Parameter 19 is set to 220.
[DACParameters] Parameter 20 is set to 35.
[DACParameters] Parameter 21 is set to 220.
[DACParameters] Parameter 22 is set to 99.
[DACParameters] Parameter 23 is set to 0.
[DACParameters] Parameter 24 is set to 0.
[DACParameters] Parameter 25 is set to 200.
[DACParameters] Parameter 26 is set to 63.
[DACParameters] Parameter 27 is set to 0.
[DACParameters] Parameter 253 is set to 0.
[DACParameters] Parameter 254 is set to 100.
[Roc] Reading Trim configuration from '../Input/Module//trimParameters_C2.dat'.
[DACParameters] Reading DAC-Parameters from ../Input/Module//dacParameters_C3.dat.
[DACParameters] Parameter 1 is set to 6.
[DACParameters] Parameter 2 is set to 118.
[DACParameters] Parameter 3 is set to 150.
[DACParameters] Parameter 4 is set to 10.
[DACParameters] Parameter 5 is set to 0.
[DACParameters] Parameter 6 is set to 0.
[DACParameters] Parameter 7 is set to 35.
[DACParameters] Parameter 8 is set to 0.
[DACParameters] Parameter 9 is set to 35.
[DACParameters] Parameter 10 is set to 160.
[DACParameters] Parameter 11 is set to 7.
[DACParameters] Parameter 12 is set to 95.
[DACParameters] Parameter 13 is set to 30.
[DACParameters] Parameter 14 is set to 10.
[DACParameters] Parameter 15 is set to 92.
[DACParameters] Parameter 16 is set to 50.
[DACParameters] Parameter 17 is set to 120.
[DACParameters] Parameter 18 is set to 130.
[DACParameters] Parameter 19 is set to 220.
[DACParameters] Parameter 20 is set to 33.
[DACParameters] Parameter 21 is set to 220.
[DACParameters] Parameter 22 is set to 99.
[DACParameters] Parameter 23 is set to 0.
[DACParameters] Parameter 24 is set to 0.
[DACParameters] Parameter 25 is set to 200.
[DACParameters] Parameter 26 is set to 66.
[DACParameters] Parameter 27 is set to 0.
[DACParameters] Parameter 253 is set to 0.
[DACParameters] Parameter 254 is set to 100.
[Roc] Reading Trim configuration from '../Input/Module//trimParameters_C3.dat'.
[DACParameters] Reading DAC-Parameters from ../Input/Module//dacParameters_C4.dat.
[DACParameters] Parameter 1 is set to 6.
[DACParameters] Parameter 2 is set to 155.
[DACParameters] Parameter 3 is set to 150.
[DACParameters] Parameter 4 is set to 10.
[DACParameters] Parameter 5 is set to 0.
[DACParameters] Parameter 6 is set to 0.
[DACParameters] Parameter 7 is set to 35.
[DACParameters] Parameter 8 is set to 0.
[DACParameters] Parameter 9 is set to 35.
[DACParameters] Parameter 10 is set to 160.
[DACParameters] Parameter 11 is set to 7.
[DACParameters] Parameter 12 is set to 95.
[DACParameters] Parameter 13 is set to 30.
[DACParameters] Parameter 14 is set to 10.
[DACParameters] Parameter 15 is set to 97.
[DACParameters] Parameter 16 is set to 50.
[DACParameters] Parameter 17 is set to 120.
[DACParameters] Parameter 18 is set to 130.
[DACParameters] Parameter 19 is set to 220.
[DACParameters] Parameter 20 is set to 31.
[DACParameters] Parameter 21 is set to 220.
[DACParameters] Parameter 22 is set to 99.
[DACParameters] Parameter 23 is set to 0.
[DACParameters] Parameter 24 is set to 0.
[DACParameters] Parameter 25 is set to 200.
[DACParameters] Parameter 26 is set to 79.
[DACParameters] Parameter 27 is set to 0.
[DACParameters] Parameter 253 is set to 0.
[DACParameters] Parameter 254 is set to 100.
[Roc] Reading Trim configuration from '../Input/Module//trimParameters_C4.dat'.
[DACParameters] Reading DAC-Parameters from ../Input/Module//dacParameters_C5.dat.
[DACParameters] Parameter 1 is set to 6.
[DACParameters] Parameter 2 is set to 153.
[DACParameters] Parameter 3 is set to 150.
[DACParameters] Parameter 4 is set to 10.
[DACParameters] Parameter 5 is set to 0.
[DACParameters] Parameter 6 is set to 0.
[DACParameters] Parameter 7 is set to 35.
[DACParameters] Parameter 8 is set to 0.
[DACParameters] Parameter 9 is set to 35.
[DACParameters] Parameter 10 is set to 160.
[DACParameters] Parameter 11 is set to 7.
[DACParameters] Parameter 12 is set to 94.
[DACParameters] Parameter 13 is set to 30.
[DACParameters] Parameter 14 is set to 10.
[DACParameters] Parameter 15 is set to 92.
[DACParameters] Parameter 16 is set to 50.
[DACParameters] Parameter 17 is set to 120.
[DACParameters] Parameter 18 is set to 130.
[DACParameters] Parameter 19 is set to 220.
[DACParameters] Parameter 20 is set to 34.
[DACParameters] Parameter 21 is set to 220.
[DACParameters] Parameter 22 is set to 99.
[DACParameters] Parameter 23 is set to 0.
[DACParameters] Parameter 24 is set to 0.
[DACParameters] Parameter 25 is set to 200.
[DACParameters] Parameter 26 is set to 55.
[DACParameters] Parameter 27 is set to 0.
[DACParameters] Parameter 253 is set to 0.
[DACParameters] Parameter 254 is set to 100.
[Roc] Reading Trim configuration from '../Input/Module//trimParameters_C5.dat'.
[DACParameters] Reading DAC-Parameters from ../Input/Module//dacParameters_C6.dat.
[DACParameters] Parameter 1 is set to 6.
[DACParameters] Parameter 2 is set to 123.
[DACParameters] Parameter 3 is set to 150.
[DACParameters] Parameter 4 is set to 10.
[DACParameters] Parameter 5 is set to 0.
[DACParameters] Parameter 6 is set to 0.
[DACParameters] Parameter 7 is set to 35.
[DACParameters] Parameter 8 is set to 0.
[DACParameters] Parameter 9 is set to 35.
[DACParameters] Parameter 10 is set to 160.
[DACParameters] Parameter 11 is set to 7.
[DACParameters] Parameter 12 is set to 92.
[DACParameters] Parameter 13 is set to 30.
[DACParameters] Parameter 14 is set to 10.
[DACParameters] Parameter 15 is set to 77.
[DACParameters] Parameter 16 is set to 50.
[DACParameters] Parameter 17 is set to 120.
[DACParameters] Parameter 18 is set to 130.
[DACParameters] Parameter 19 is set to 220.
[DACParameters] Parameter 20 is set to 32.
[DACParameters] Parameter 21 is set to 220.
[DACParameters] Parameter 22 is set to 99.
[DACParameters] Parameter 23 is set to 0.
[DACParameters] Parameter 24 is set to 0.
[DACParameters] Parameter 25 is set to 200.
[DACParameters] Parameter 26 is set to 66.
[DACParameters] Parameter 27 is set to 0.
[DACParameters] Parameter 253 is set to 0.
[DACParameters] Parameter 254 is set to 100.
[Roc] Reading Trim configuration from '../Input/Module//trimParameters_C6.dat'.
[DACParameters] Reading DAC-Parameters from ../Input/Module//dacParameters_C7.dat.
[DACParameters] Parameter 1 is set to 6.
[DACParameters] Parameter 2 is set to 122.
[DACParameters] Parameter 3 is set to 150.
[DACParameters] Parameter 4 is set to 10.
[DACParameters] Parameter 5 is set to 0.
[DACParameters] Parameter 6 is set to 0.
[DACParameters] Parameter 7 is set to 35.
[DACParameters] Parameter 8 is set to 0.
[DACParameters] Parameter 9 is set to 35.
[DACParameters] Parameter 10 is set to 160.
[DACParameters] Parameter 11 is set to 7.
[DACParameters] Parameter 12 is set to 89.
[DACParameters] Parameter 13 is set to 30.
[DACParameters] Parameter 14 is set to 10.
[DACParameters] Parameter 15 is set to 72.
[DACParameters] Parameter 16 is set to 50.
[DACParameters] Parameter 17 is set to 120.
[DACParameters] Parameter 18 is set to 130.
[DACParameters] Parameter 19 is set to 220.
[DACParameters] Parameter 20 is set to 37.
[DACParameters] Parameter 21 is set to 220.
[DACParameters] Parameter 22 is set to 99.
[DACParameters] Parameter 23 is set to 0.
[DACParameters] Parameter 24 is set to 0.
[DACParameters] Parameter 25 is set to 200.
[DACParameters] Parameter 26 is set to 56.
[DACParameters] Parameter 27 is set to 0.
[DACParameters] Parameter 253 is set to 0.
[DACParameters] Parameter 254 is set to 100.
[Roc] Reading Trim configuration from '../Input/Module//trimParameters_C7.dat'.
[DACParameters] Reading DAC-Parameters from ../Input/Module//dacParameters_C8.dat.
[DACParameters] Parameter 1 is set to 6.
[DACParameters] Parameter 2 is set to 143.
[DACParameters] Parameter 3 is set to 150.
[DACParameters] Parameter 4 is set to 10.
[DACParameters] Parameter 5 is set to 0.
[DACParameters] Parameter 6 is set to 0.
[DACParameters] Parameter 7 is set to 35.
[DACParameters] Parameter 8 is set to 0.
[DACParameters] Parameter 9 is set to 35.
[DACParameters] Parameter 10 is set to 160.
[DACParameters] Parameter 11 is set to 7.
[DACParameters] Parameter 12 is set to 80.
[DACParameters] Parameter 13 is set to 30.
[DACParameters] Parameter 14 is set to 10.
[DACParameters] Parameter 15 is set to 82.
[DACParameters] Parameter 16 is set to 50.
[DACParameters] Parameter 17 is set to 120.
[DACParameters] Parameter 18 is set to 130.
[DACParameters] Parameter 19 is set to 220.
[DACParameters] Parameter 20 is set to 37.
[DACParameters] Parameter 21 is set to 220.
[DACParameters] Parameter 22 is set to 99.
[DACParameters] Parameter 23 is set to 0.
[DACParameters] Parameter 24 is set to 0.
[DACParameters] Parameter 25 is set to 200.
[DACParameters] Parameter 26 is set to 60.
[DACParameters] Parameter 27 is set to 0.
[DACParameters] Parameter 253 is set to 0.
[DACParameters] Parameter 254 is set to 100.
[Roc] Reading Trim configuration from '../Input/Module//trimParameters_C8.dat'.
[DACParameters] Reading DAC-Parameters from ../Input/Module//dacParameters_C9.dat.
[DACParameters] Parameter 1 is set to 6.
[DACParameters] Parameter 2 is set to 140.
[DACParameters] Parameter 3 is set to 150.
[DACParameters] Parameter 4 is set to 10.
[DACParameters] Parameter 5 is set to 0.
[DACParameters] Parameter 6 is set to 0.
[DACParameters] Parameter 7 is set to 35.
[DACParameters] Parameter 8 is set to 0.
[DACParameters] Parameter 9 is set to 35.
[DACParameters] Parameter 10 is set to 160.
[DACParameters] Parameter 11 is set to 7.
[DACParameters] Parameter 12 is set to 91.
[DACParameters] Parameter 13 is set to 30.
[DACParameters] Parameter 14 is set to 10.
[DACParameters] Parameter 15 is set to 72.
[DACParameters] Parameter 16 is set to 50.
[DACParameters] Parameter 17 is set to 120.
[DACParameters] Parameter 18 is set to 130.
[DACParameters] Parameter 19 is set to 220.
[DACParameters] Parameter 20 is set to 34.
[DACParameters] Parameter 21 is set to 220.
[DACParameters] Parameter 22 is set to 99.
[DACParameters] Parameter 23 is set to 0.
[DACParameters] Parameter 24 is set to 0.
[DACParameters] Parameter 25 is set to 200.
[DACParameters] Parameter 26 is set to 70.
[DACParameters] Parameter 27 is set to 0.
[DACParameters] Parameter 253 is set to 0.
[DACParameters] Parameter 254 is set to 100.
[Roc] Reading Trim configuration from '../Input/Module//trimParameters_C9.dat'.
[DACParameters] Reading DAC-Parameters from ../Input/Module//dacParameters_C10.dat.
[DACParameters] Parameter 1 is set to 6.
[DACParameters] Parameter 2 is set to 145.
[DACParameters] Parameter 3 is set to 150.
[DACParameters] Parameter 4 is set to 10.
[DACParameters] Parameter 5 is set to 0.
[DACParameters] Parameter 6 is set to 0.
[DACParameters] Parameter 7 is set to 35.
[DACParameters] Parameter 8 is set to 0.
[DACParameters] Parameter 9 is set to 35.
[DACParameters] Parameter 10 is set to 160.
[DACParameters] Parameter 11 is set to 7.
[DACParameters] Parameter 12 is set to 103.
[DACParameters] Parameter 13 is set to 30.
[DACParameters] Parameter 14 is set to 10.
[DACParameters] Parameter 15 is set to 72.
[DACParameters] Parameter 16 is set to 50.
[DACParameters] Parameter 17 is set to 120.
[DACParameters] Parameter 18 is set to 130.
[DACParameters] Parameter 19 is set to 220.
[DACParameters] Parameter 20 is set to 32.
[DACParameters] Parameter 21 is set to 220.
[DACParameters] Parameter 22 is set to 99.
[DACParameters] Parameter 23 is set to 0.
[DACParameters] Parameter 24 is set to 0.
[DACParameters] Parameter 25 is set to 200.
[DACParameters] Parameter 26 is set to 72.
[DACParameters] Parameter 27 is set to 0.
[DACParameters] Parameter 253 is set to 0.
[DACParameters] Parameter 254 is set to 100.
[Roc] Reading Trim configuration from '../Input/Module//trimParameters_C10.dat'.
[DACParameters] Reading DAC-Parameters from ../Input/Module//dacParameters_C11.dat.
[DACParameters] Parameter 1 is set to 6.
[DACParameters] Parameter 2 is set to 132.
[DACParameters] Parameter 3 is set to 150.
[DACParameters] Parameter 4 is set to 10.
[DACParameters] Parameter 5 is set to 0.
[DACParameters] Parameter 6 is set to 0.
[DACParameters] Parameter 7 is set to 35.
[DACParameters] Parameter 8 is set to 0.
[DACParameters] Parameter 9 is set to 35.
[DACParameters] Parameter 10 is set to 160.
[DACParameters] Parameter 11 is set to 7.
[DACParameters] Parameter 12 is set to 84.
[DACParameters] Parameter 13 is set to 30.
[DACParameters] Parameter 14 is set to 10.
[DACParameters] Parameter 15 is set to 62.
[DACParameters] Parameter 16 is set to 50.
[DACParameters] Parameter 17 is set to 120.
[DACParameters] Parameter 18 is set to 130.
[DACParameters] Parameter 19 is set to 220.
[DACParameters] Parameter 20 is set to 32.
[DACParameters] Parameter 21 is set to 220.
[DACParameters] Parameter 22 is set to 99.
[DACParameters] Parameter 23 is set to 0.
[DACParameters] Parameter 24 is set to 0.
[DACParameters] Parameter 25 is set to 200.
[DACParameters] Parameter 26 is set to 84.
[DACParameters] Parameter 27 is set to 0.
[DACParameters] Parameter 253 is set to 0.
[DACParameters] Parameter 254 is set to 100.
[Roc] Reading Trim configuration from '../Input/Module//trimParameters_C11.dat'.
[DACParameters] Reading DAC-Parameters from ../Input/Module//dacParameters_C12.dat.
[DACParameters] Parameter 1 is set to 6.
[DACParameters] Parameter 2 is set to 128.
[DACParameters] Parameter 3 is set to 150.
[DACParameters] Parameter 4 is set to 10.
[DACParameters] Parameter 5 is set to 0.
[DACParameters] Parameter 6 is set to 0.
[DACParameters] Parameter 7 is set to 35.
[DACParameters] Parameter 8 is set to 0.
[DACParameters] Parameter 9 is set to 35.
[DACParameters] Parameter 10 is set to 160.
[DACParameters] Parameter 11 is set to 7.
[DACParameters] Parameter 12 is set to 94.
[DACParameters] Parameter 13 is set to 30.
[DACParameters] Parameter 14 is set to 10.
[DACParameters] Parameter 15 is set to 82.
[DACParameters] Parameter 16 is set to 50.
[DACParameters] Parameter 17 is set to 120.
[DACParameters] Parameter 18 is set to 130.
[DACParameters] Parameter 19 is set to 220.
[DACParameters] Parameter 20 is set to 34.
[DACParameters] Parameter 21 is set to 220.
[DACParameters] Parameter 22 is set to 99.
[DACParameters] Parameter 23 is set to 0.
[DACParameters] Parameter 24 is set to 0.
[DACParameters] Parameter 25 is set to 200.
[DACParameters] Parameter 26 is set to 73.
[DACParameters] Parameter 27 is set to 0.
[DACParameters] Parameter 253 is set to 0.
[DACParameters] Parameter 254 is set to 100.
[Roc] Reading Trim configuration from '../Input/Module//trimParameters_C12.dat'.
[DACParameters] Reading DAC-Parameters from ../Input/Module//dacParameters_C13.dat.
[DACParameters] Parameter 1 is set to 6.
[DACParameters] Parameter 2 is set to 157.
[DACParameters] Parameter 3 is set to 150.
[DACParameters] Parameter 4 is set to 10.
[DACParameters] Parameter 5 is set to 0.
[DACParameters] Parameter 6 is set to 0.
[DACParameters] Parameter 7 is set to 35.
[DACParameters] Parameter 8 is set to 0.
[DACParameters] Parameter 9 is set to 35.
[DACParameters] Parameter 10 is set to 160.
[DACParameters] Parameter 11 is set to 7.
[DACParameters] Parameter 12 is set to 99.
[DACParameters] Parameter 13 is set to 30.
[DACParameters] Parameter 14 is set to 10.
[DACParameters] Parameter 15 is set to 92.
[DACParameters] Parameter 16 is set to 50.
[DACParameters] Parameter 17 is set to 120.
[DACParameters] Parameter 18 is set to 130.
[DACParameters] Parameter 19 is set to 220.
[DACParameters] Parameter 20 is set to 34.
[DACParameters] Parameter 21 is set to 220.
[DACParameters] Parameter 22 is set to 99.
[DACParameters] Parameter 23 is set to 0.
[DACParameters] Parameter 24 is set to 0.
[DACParameters] Parameter 25 is set to 200.
[DACParameters] Parameter 26 is set to 64.
[DACParameters] Parameter 27 is set to 0.
[DACParameters] Parameter 253 is set to 0.
[DACParameters] Parameter 254 is set to 100.
[Roc] Reading Trim configuration from '../Input/Module//trimParameters_C13.dat'.
[DACParameters] Reading DAC-Parameters from ../Input/Module//dacParameters_C14.dat.
[DACParameters] Parameter 1 is set to 6.
[DACParameters] Parameter 2 is set to 143.
[DACParameters] Parameter 3 is set to 150.
[DACParameters] Parameter 4 is set to 10.
[DACParameters] Parameter 5 is set to 0.
[DACParameters] Parameter 6 is set to 0.
[DACParameters] Parameter 7 is set to 35.
[DACParameters] Parameter 8 is set to 0.
[DACParameters] Parameter 9 is set to 35.
[DACParameters] Parameter 10 is set to 160.
[DACParameters] Parameter 11 is set to 7.
[DACParameters] Parameter 12 is set to 88.
[DACParameters] Parameter 13 is set to 30.
[DACParameters] Parameter 14 is set to 10.
[DACParameters] Parameter 15 is set to 82.
[DACParameters] Parameter 16 is set to 50.
[DACParameters] Parameter 17 is set to 120.
[DACParameters] Parameter 18 is set to 130.
[DACParameters] Parameter 19 is set to 220.
[DACParameters] Parameter 20 is set to 33.
[DACParameters] Parameter 21 is set to 220.
[DACParameters] Parameter 22 is set to 99.
[DACParameters] Parameter 23 is set to 0.
[DACParameters] Parameter 24 is set to 0.
[DACParameters] Parameter 25 is set to 200.
[DACParameters] Parameter 26 is set to 67.
[DACParameters] Parameter 27 is set to 0.
[DACParameters] Parameter 253 is set to 0.
[DACParameters] Parameter 254 is set to 100.
[Roc] Reading Trim configuration from '../Input/Module//trimParameters_C14.dat'.
[DACParameters] Reading DAC-Parameters from ../Input/Module//dacParameters_C15.dat.
[DACParameters] Parameter 1 is set to 6.
[DACParameters] Parameter 2 is set to 137.
[DACParameters] Parameter 3 is set to 150.
[DACParameters] Parameter 4 is set to 10.
[DACParameters] Parameter 5 is set to 0.
[DACParameters] Parameter 6 is set to 0.
[DACParameters] Parameter 7 is set to 35.
[DACParameters] Parameter 8 is set to 0.
[DACParameters] Parameter 9 is set to 35.
[DACParameters] Parameter 10 is set to 160.
[DACParameters] Parameter 11 is set to 7.
[DACParameters] Parameter 12 is set to 91.
[DACParameters] Parameter 13 is set to 30.
[DACParameters] Parameter 14 is set to 10.
[DACParameters] Parameter 15 is set to 82.
[DACParameters] Parameter 16 is set to 50.
[DACParameters] Parameter 17 is set to 120.
[DACParameters] Parameter 18 is set to 130.
[DACParameters] Parameter 19 is set to 220.
[DACParameters] Parameter 20 is set to 34.
[DACParameters] Parameter 21 is set to 220.
[DACParameters] Parameter 22 is set to 99.
[DACParameters] Parameter 23 is set to 0.
[DACParameters] Parameter 24 is set to 0.
[DACParameters] Parameter 25 is set to 200.
[DACParameters] Parameter 26 is set to 67.
[DACParameters] Parameter 27 is set to 0.
[DACParameters] Parameter 253 is set to 0.
[DACParameters] Parameter 254 is set to 100.
[Roc] Reading Trim configuration from '../Input/Module//trimParameters_C15.dat'.
psi46expert> gui

[TestParameters] Reading Test-Parameters from '../Input/Module//testParameters.dat'.
[Delay] Timestamp: Tue Sep  7 15:07:39 2010

[PixelAlive] Initialization.
[PixelAlive] Chip #0.
[PixelAlive] Chip #1.
[PixelAlive] Chip #2.
[PixelAlive] Chip #3.
[PixelAlive] Chip #4.
[PixelAlive] Chip #5.
[PixelAlive] Chip #6.
[PixelAlive] Chip #7.
[PixelAlive] Chip #8.
[PixelAlive] Chip #9.
[PixelAlive] Chip #10.
[PixelAlive] Chip #11.
[PixelAlive] Chip #12.
[PixelAlive] Chip #13.
[PixelAlive] Chip #14.
[PixelAlive] Chip #15.
[Delay] Timestamp: Tue Sep  7 15:07:51 2010

[DACParameters] Writing DAC-Parameters to ../Input/Module/module_C0.dat.
[DACParameters] Writing DAC-Parameters to ../Input/Module/module_C1.dat.
[DACParameters] Writing DAC-Parameters to ../Input/Module/module_C2.dat.
[DACParameters] Writing DAC-Parameters to ../Input/Module/module_C3.dat.
[DACParameters] Writing DAC-Parameters to ../Input/Module/module_C4.dat.
[DACParameters] Writing DAC-Parameters to ../Input/Module/module_C5.dat.
[DACParameters] Writing DAC-Parameters to ../Input/Module/module_C6.dat.
[DACParameters] Writing DAC-Parameters to ../Input/Module/module_C7.dat.
[DACParameters] Writing DAC-Parameters to ../Input/Module/module_C8.dat.
[DACParameters] Writing DAC-Parameters to ../Input/Module/module_C9.dat.
[DACParameters] Writing DAC-Parameters to ../Input/Module/module_C10.dat.
[DACParameters] Writing DAC-Parameters to ../Input/Module/module_C11.dat.
[DACParameters] Writing DAC-Parameters to ../Input/Module/module_C12.dat.
[DACParameters] Writing DAC-Parameters to ../Input/Module/module_C13.dat.
[DACParameters] Writing DAC-Parameters to ../Input/Module/module_C14.dat.
[DACParameters] Writing DAC-Parameters to ../Input/Module/module_C15.dat.
